Namespace(batch_size=8, block_size=512, checkpoint='/data/zhanghongxiao/NMT/ICBT/output/QE_model', mc_dropout=True, predict_m=6, predict_n=40, score_output='/data/zhanghongxiao/NMT/ICBT/scripts/QE/output/CBT-conf/Laws.score.out', seed=42, test_src='/data/zhanghongxiao/NMT/ICBT/scripts/QE/output/CBT-conf/Laws.source', test_tgt='/data/zhanghongxiao/NMT/ICBT/scripts/QE/output/CBT-conf/Laws.target', threshold='/data/zhanghongxiao/NMT/ICBT/scripts/QE/logs/threshold.out', threshold_output=None, threshold_tune=None, wwm=True)
/home/zhanghongxiao/anaconda3/envs/nmt/lib/python3.7/site-packages/transformers/models/auto/modeling_auto.py:882: FutureWarning: The class `AutoModelWithLMHead` is deprecated and will be removed in a future version. Please use `AutoModelForCausalLM` for causal language models, `AutoModelForMaskedLM` for masked language models and `AutoModelForSeq2SeqLM` for encoder-decoder models.
  FutureWarning,
509
0 examples loaded
1 examples loaded
2 examples loaded
3 examples loaded
4 examples loaded
5 examples loaded
6 examples loaded
7 examples loaded
8 examples loaded
9 examples loaded
10 examples loaded
11 examples loaded
12 examples loaded
13 examples loaded
14 examples loaded
15 examples loaded
16 examples loaded
17 examples loaded
18 examples loaded
19 examples loaded
20 examples loaded
21 examples loaded
22 examples loaded
23 examples loaded
24 examples loaded
25 examples loaded
26 examples loaded
27 examples loaded
28 examples loaded
29 examples loaded
30 examples loaded
31 examples loaded
32 examples loaded
33 examples loaded
34 examples loaded
35 examples loaded
36 examples loaded
37 examples loaded
38 examples loaded
39 examples loaded
40 examples loaded
41 examples loaded
42 examples loaded
43 examples loaded
44 examples loaded
45 examples loaded
46 examples loaded
47 examples loaded
48 examples loaded
49 examples loaded
50 examples loaded
51 examples loaded
52 examples loaded
53 examples loaded
54 examples loaded
55 examples loaded
56 examples loaded
57 examples loaded
58 examples loaded
59 examples loaded
60 examples loaded
61 examples loaded
62 examples loaded
63 examples loaded
64 examples loaded
65 examples loaded
66 examples loaded
67 examples loaded
68 examples loaded
69 examples loaded
70 examples loaded
71 examples loaded
72 examples loaded
73 examples loaded
74 examples loaded
75 examples loaded
76 examples loaded
77 examples loaded
78 examples loaded
79 examples loaded
80 examples loaded
81 examples loaded
82 examples loaded
83 examples loaded
84 examples loaded
85 examples loaded
86 examples loaded
87 examples loaded
88 examples loaded
89 examples loaded
90 examples loaded
91 examples loaded
92 examples loaded
93 examples loaded
94 examples loaded
95 examples loaded
96 examples loaded
97 examples loaded
98 examples loaded
99 examples loaded
Due to length limits, 0 examples discarded
Due to length limits, 0 examples truncated
/home/zhanghongxiao/anaconda3/envs/nmt/lib/python3.7/site-packages/torch/nn/_reduction.py:42: UserWarning: size_average and reduce args will be deprecated, please use reduction='none' instead.
  warnings.warn(warning.format(ret))
total batch: 500
Finished batch 0
Finished batch 10
Finished batch 20
Finished batch 30
Finished batch 40
Finished batch 50
Finished batch 60
Finished batch 70
Finished batch 80
Finished batch 90
Finished batch 100
Finished batch 110
Finished batch 120
Finished batch 130
Finished batch 140
Finished batch 150
Finished batch 160
Finished batch 170
Finished batch 180
Finished batch 190
Finished batch 200
Finished batch 210
Finished batch 220
Finished batch 230
Finished batch 240
Finished batch 250
Finished batch 260
Finished batch 270
Finished batch 280
Finished batch 290
Finished batch 300
Finished batch 310
Finished batch 320
Finished batch 330
Finished batch 340
Finished batch 350
Finished batch 360
Finished batch 370
Finished batch 380
Finished batch 390
Finished batch 400
Finished batch 410
Finished batch 420
Finished batch 430
Finished batch 440
Finished batch 450
Finished batch 460
Finished batch 470
Finished batch 480
Finished batch 490
Done.
